\BOOKMARK [0][-]{TitlePage.0}{Title Page}{}% 1
\BOOKMARK [0][-]{section*.1}{Acknowledgements}{}% 2
\BOOKMARK [0][-]{section*.3}{Abstract}{}% 3
\BOOKMARK [0][-]{section*.5}{Kurzzusammenfassung}{}% 4
\BOOKMARK [0][-]{Table of Contents.0}{Table of Contents}{}% 5
\BOOKMARK [0][-]{section*.8}{List of Figures}{}% 6
\BOOKMARK [0][-]{section*.10}{List of Tables}{}% 7
\BOOKMARK [0][-]{section*.12}{Nomenclature}{}% 8
\BOOKMARK [0][-]{chapter.1}{1 Introduction}{}% 9
\BOOKMARK [1][-]{section.1.1}{1.1 Samples}{chapter.1}% 10
\BOOKMARK [2][-]{subsection.1.1.1}{1.1.1 Citations and References}{section.1.1}% 11
\BOOKMARK [2][-]{subsection.1.1.2}{1.1.2 Figures}{section.1.1}% 12
\BOOKMARK [2][-]{subsection.1.1.3}{1.1.3 Tables}{section.1.1}% 13
\BOOKMARK [2][-]{subsection.1.1.4}{1.1.4 siunitx}{section.1.1}% 14
\BOOKMARK [2][-]{subsection.1.1.5}{1.1.5 Plotting}{section.1.1}% 15
\BOOKMARK [2][-]{subsection.1.1.6}{1.1.6 Final Note}{section.1.1}% 16
\BOOKMARK [0][-]{chapter.2}{2 Theory}{}% 17
\BOOKMARK [0][-]{chapter.3}{3 Problem Formulation}{}% 18
\BOOKMARK [0][-]{chapter.4}{4 Results and Discussion}{}% 19
\BOOKMARK [0][-]{chapter.5}{5 Conclusion}{}% 20
\BOOKMARK [0][-]{appendix.A}{A Appendix}{}% 21
\BOOKMARK [0][-]{appendix.B}{B Program Flowcharts}{}% 22
\BOOKMARK [0][-]{appendix.C}{C Bibliography}{}% 23
